\multirow{3}{*}{Baseline}
& 0  & 2.59e+01 & 4.20e+01 & 1.23e+02 & 9.46e+02 & 1.56e+04 & 1.82e+05 \\
\cline{2-8}
& 1  & 2.47e+01 & 9.14e+01 & 2.22e+02 & 9.56e+02 & 1.53e+04 & 1.81e+05 \\
\cline{2-8}
& 2  & 2.11e+01 & 4.25e+01 & 1.21e+02 & 9.53e+02 & 1.51e+04 & 1.62e+05 \\
\hline
\multirow{3}{*}{Bruck}
& 0  & 1.77e+01 & 2.95e+01 & 1.05e+02 & 7.76e+02 & 1.17e+04 & 8.96e+04 \\
\cline{2-8}
& 1  & 1.65e+01 & 3.10e+01 & 1.10e+02 & 8.63e+02 & 8.28e+03 & 9.45e+04 \\
\cline{2-8}
& 2  & 1.82e+01 & 2.97e+01 & 1.10e+02 & 8.62e+02 & 8.26e+03 & 9.23e+04 \\
\hline
\multirow{3}{*}{Circulant}
& 0  & 2.22e+01 & 3.32e+01 & 1.12e+02 & 8.77e+02 & 8.73e+03 & 1.05e+05 \\
\cline{2-8}
& 1  & 2.60e+01 & 5.34e+01 & 1.40e+02 & 1.00e+03 & 9.73e+03 & 1.14e+05 \\
\cline{2-8}
& 2  & 1.77e+01 & 3.18e+01 & 1.24e+02 & 9.94e+02 & 9.73e+03 & 1.11e+05 \\
\hline
