\multirow{3}{*}{Baseline}
& 0  & 8.87e+00 & 1.01e+01 & 1.42e+01 & 5.60e+01 & 4.45e+02 & 4.64e+03 \\
\cline{2-8}
& 1  & 9.18e+00 & 1.01e+01 & 1.37e+01 & 5.02e+01 & 4.48e+02 & 4.68e+03 \\
\cline{2-8}
& 2  & 9.10e+00 & 1.04e+01 & 1.35e+01 & 1.30e+02 & 4.51e+02 & 4.63e+03 \\
\hline
\multirow{3}{*}{Bruck}
& 0  & 9.45e+00 & 1.01e+01 & 1.35e+01 & 5.34e+01 & 5.03e+02 & 7.27e+03 \\
\cline{2-8}
& 1  & 9.02e+00 & 1.03e+01 & 1.49e+01 & 6.41e+01 & 5.77e+02 & 8.63e+03 \\
\cline{2-8}
& 2  & 9.34e+00 & 1.00e+01 & 1.59e+01 & 6.45e+01 & 5.75e+02 & 8.63e+03 \\
\hline
\multirow{3}{*}{Circulant}
& 0  & 8.57e+00 & 1.01e+01 & 1.37e+01 & 6.64e+01 & 5.76e+02 & 8.47e+03 \\
\cline{2-8}
& 1  & 8.78e+00 & 1.02e+01 & 1.55e+01 & 7.61e+01 & 6.67e+02 & 9.93e+03 \\
\cline{2-8}
& 2  & 8.23e+00 & 9.80e+00 & 1.56e+01 & 7.63e+01 & 6.48e+02 & 1.03e+04 \\
\hline
