\multirow{3}{*}{Baseline}
& 0  & 3.41e+01 & 8.33e+01 & 4.76e+02 & 6.11e+03 & 1.06e+05 & 1.10e+06 \\
\cline{2-8}
& 1  & 3.79e+01 & 3.57e+02 & 8.97e+02 & 6.32e+03 & 1.05e+05 & 1.11e+06 \\
\cline{2-8}
& 2  & 3.23e+01 & 8.05e+01 & 4.69e+02 & 6.37e+03 & 1.05e+05 & 1.11e+06 \\
\hline
\multirow{3}{*}{Bruck}
& 0  & 2.89e+02 & 5.88e+01 & 5.00e+02 & 3.11e+03 & 4.23e+04 & 4.20e+05 \\
\cline{2-8}
& 1  & 2.41e+01 & 6.55e+01 & 3.93e+02 & 3.51e+03 & 4.27e+04 & 4.26e+05 \\
\cline{2-8}
& 2  & 2.47e+01 & 8.23e+01 & 4.53e+02 & 3.55e+03 & 4.26e+04 & 4.23e+05 \\
\hline
\multirow{3}{*}{Circulant}
& 0  & 3.14e+01 & 6.75e+01 & 4.31e+02 & 3.52e+03 & 5.03e+04 & 5.10e+05 \\
\cline{2-8}
& 1  & 2.95e+01 & 7.37e+01 & 4.47e+02 & 4.01e+03 & 5.31e+04 & 5.15e+05 \\
\cline{2-8}
& 2  & 3.19e+01 & 1.00e+02 & 4.46e+02 & 4.15e+03 & 5.26e+04 & 5.15e+05 \\
\hline
