\multirow{3}{*}{Baseline}
& 0  & 7.01e+00 & 2.72e+01 & 3.08e+01 & 8.14e+01 & 5.36e+02 & 8.15e+03 \\
\cline{2-8}
& 1  & 6.99e+00 & 2.72e+01 & 2.47e+01 & 6.01e+01 & 5.35e+02 & 8.28e+03 \\
\cline{2-8}
& 2  & 6.57e+00 & 9.06e+00 & 1.99e+01 & 5.77e+01 & 5.63e+02 & 7.68e+03 \\
\hline
\multirow{3}{*}{Bruck}
& 0  & 6.68e+00 & 9.10e+00 & 1.39e+01 & 6.23e+01 & 5.39e+02 & 9.72e+03 \\
\cline{2-8}
& 1  & 6.73e+00 & 1.00e+01 & 1.56e+01 & 6.85e+01 & 5.87e+02 & 1.08e+04 \\
\cline{2-8}
& 2  & 6.95e+00 & 8.99e+00 & 1.42e+01 & 6.92e+01 & 5.88e+02 & 1.08e+04 \\
\hline
\multirow{3}{*}{Circulant}
& 0  & 6.28e+00 & 1.49e+01 & 1.77e+01 & 6.68e+01 & 5.83e+02 & 1.03e+04 \\
\cline{2-8}
& 1  & 6.70e+00 & 1.56e+01 & 1.84e+01 & 7.56e+01 & 6.39e+02 & 1.20e+04 \\
\cline{2-8}
& 2  & 5.90e+00 & 8.95e+00 & 2.25e+01 & 7.58e+01 & 6.44e+02 & 1.15e+04 \\
\hline
