\multirow{3}{*}{Baseline}
& 0  & 5.39e-02 & 5.38e-02 & 5.44e-02 & 5.40e-02 & 5.40e-02 & 5.51e-02 \\
\cline{2-8}
& 1  & 5.41e-02 & 5.41e-02 & 5.41e-02 & 5.37e-02 & 5.45e-02 & 5.45e-02 \\
\cline{2-8}
& 2  & 5.44e-02 & 5.38e-02 & 5.39e-02 & 5.39e-02 & 5.40e-02 & 5.40e-02 \\
\hline
\multirow{3}{*}{Bruck}
& 0  & 5.29e-02 & 5.32e-02 & 5.26e-02 & 5.26e-02 & 5.23e-02 & 5.26e-02 \\
\cline{2-8}
& 1  & 5.30e-02 & 5.32e-02 & 5.24e-02 & 5.28e-02 & 5.25e-02 & 5.31e-02 \\
\cline{2-8}
& 2  & 5.28e-02 & 5.23e-02 & 5.24e-02 & 5.24e-02 & 5.24e-02 & 5.28e-02 \\
\hline
\multirow{3}{*}{Circulant}
& 0  & 5.27e-02 & 5.22e-02 & 5.25e-02 & 5.27e-02 & 5.25e-02 & 5.24e-02 \\
\cline{2-8}
& 1  & 5.27e-02 & 5.32e-02 & 5.25e-02 & 5.23e-02 & 5.25e-02 & 5.28e-02 \\
\cline{2-8}
& 2  & 5.25e-02 & 5.24e-02 & 5.24e-02 & 5.23e-02 & 5.28e-02 & 5.29e-02 \\
\hline
