\multirow{3}{*}{Baseline}
& 0  & 1.97e+01 & 3.54e+01 & 5.22e+01 & 1.95e+02 & 3.08e+03 & 5.22e+04 \\
\cline{2-8}
& 1  & 1.59e+01 & 1.68e+01 & 3.02e+01 & 1.82e+02 & 3.16e+03 & 5.26e+04 \\
\cline{2-8}
& 2  & 1.22e+01 & 1.73e+01 & 2.80e+01 & 1.81e+02 & 3.22e+03 & 5.19e+04 \\
\hline
\multirow{3}{*}{Bruck}
& 0  & 1.43e+01 & 2.99e+01 & 4.74e+01 & 1.80e+02 & 1.59e+03 & 3.03e+04 \\
\cline{2-8}
& 1  & 1.08e+01 & 1.81e+01 & 3.44e+01 & 1.75e+02 & 1.69e+03 & 3.22e+04 \\
\cline{2-8}
& 2  & 1.16e+01 & 1.70e+01 & 3.17e+01 & 1.74e+02 & 1.67e+03 & 3.20e+04 \\
\hline
\multirow{3}{*}{Circulant}
& 0  & 1.19e+01 & 1.53e+01 & 3.31e+01 & 2.47e+02 & 2.38e+03 & 4.28e+04 \\
\cline{2-8}
& 1  & 6.90e+00 & 1.18e+01 & 3.80e+01 & 2.47e+02 & 2.61e+03 & 4.41e+04 \\
\cline{2-8}
& 2  & 8.16e+00 & 1.06e+01 & 3.78e+01 & 2.55e+02 & 2.62e+03 & 4.41e+04 \\
\hline
