\multirow{3}{*}{Baseline}
& 0  & 2.61e+01 & 5.80e+01 & 2.37e+02 & 2.16e+03 & 3.39e+04 & 3.70e+05 \\
\cline{2-8}
& 1  & 2.24e+02 & 1.43e+02 & 3.84e+02 & 2.18e+03 & 3.11e+04 & 3.31e+05 \\
\cline{2-8}
& 2  & 3.08e+01 & 5.31e+01 & 2.31e+02 & 2.16e+03 & 2.92e+04 & 3.34e+05 \\
\hline
\multirow{3}{*}{Bruck}
& 0  & 2.26e+01 & 4.23e+01 & 1.88e+02 & 1.63e+03 & 2.18e+04 & 1.87e+05 \\
\cline{2-8}
& 1  & 2.92e+01 & 4.31e+01 & 2.13e+02 & 1.75e+03 & 2.37e+04 & 2.02e+05 \\
\cline{2-8}
& 2  & 2.61e+01 & 5.05e+01 & 2.80e+02 & 1.75e+03 & 2.36e+04 & 2.05e+05 \\
\hline
\multirow{3}{*}{Circulant}
& 0  & 2.46e+01 & 4.59e+01 & 2.05e+02 & 1.72e+03 & 2.49e+04 & 2.14e+05 \\
\cline{2-8}
& 1  & 2.76e+01 & 9.86e+01 & 3.08e+02 & 2.15e+03 & 2.76e+04 & 2.27e+05 \\
\cline{2-8}
& 2  & 2.62e+01 & 4.51e+01 & 2.53e+02 & 1.99e+03 & 2.76e+04 & 2.31e+05 \\
\hline
