\multirow{3}{*}{Baseline}
& 0  & 1.20e+01 & 1.47e+01 & 2.35e+01 & 1.17e+02 & 1.36e+03 & 1.25e+04 \\
\cline{2-8}
& 1  & 1.20e+01 & 1.24e+01 & 2.18e+01 & 1.12e+02 & 1.35e+03 & 1.26e+04 \\
\cline{2-8}
& 2  & 1.20e+01 & 1.29e+01 & 2.22e+01 & 1.14e+02 & 1.35e+03 & 1.26e+04 \\
\hline
\multirow{3}{*}{Bruck}
& 0  & 1.18e+01 & 1.26e+01 & 2.00e+01 & 1.14e+02 & 1.16e+03 & 1.44e+04 \\
\cline{2-8}
& 1  & 1.19e+01 & 1.30e+01 & 2.37e+01 & 1.37e+02 & 1.44e+03 & 1.76e+04 \\
\cline{2-8}
& 2  & 1.36e+01 & 1.30e+01 & 2.51e+01 & 1.28e+02 & 1.43e+03 & 1.72e+04 \\
\hline
\multirow{3}{*}{Circulant}
& 0  & 1.14e+01 & 1.37e+01 & 2.43e+01 & 1.45e+02 & 1.41e+03 & 1.62e+04 \\
\cline{2-8}
& 1  & 1.08e+01 & 1.43e+01 & 2.52e+01 & 1.58e+02 & 1.56e+03 & 1.87e+04 \\
\cline{2-8}
& 2  & 1.06e+01 & 1.32e+01 & 2.49e+01 & 1.58e+02 & 1.55e+03 & 1.87e+04 \\
\hline
