\multirow{3}{*}{Baseline}
& 0  & 4.74e+01 & 1.44e+02 & 9.31e+02 & 1.90e+04 & 2.18e+05 & 2.27e+06 \\
\cline{2-8}
& 1  & 4.89e+01 & 4.03e+02 & 1.17e+03 & 1.91e+04 & 2.18e+05 & 2.25e+06 \\
\cline{2-8}
& 2  & 4.48e+01 & 1.33e+02 & 9.20e+02 & 1.90e+04 & 2.20e+05 & 2.26e+06 \\
\hline
\multirow{3}{*}{Bruck}
& 0  & 3.35e+01 & 1.03e+02 & 6.87e+02 & 7.04e+03 & 8.43e+04 & 8.55e+05 \\
\cline{2-8}
& 1  & 3.62e+01 & 5.79e+02 & 7.86e+02 & 7.59e+03 & 8.82e+04 & 8.60e+05 \\
\cline{2-8}
& 2  & 5.90e+02 & 1.05e+02 & 7.50e+02 & 7.80e+03 & 8.74e+04 & 8.61e+05 \\
\hline
\multirow{3}{*}{Circulant}
& 0  & 4.82e+02 & 1.10e+02 & 7.72e+02 & 7.80e+03 & 1.03e+05 & 1.04e+06 \\
\cline{2-8}
& 1  & 2.08e+02 & 1.28e+02 & 8.61e+02 & 8.67e+03 & 1.06e+05 & 1.05e+06 \\
\cline{2-8}
& 2  & 3.49e+01 & 1.29e+02 & 8.64e+02 & 8.85e+03 & 1.06e+05 & 1.05e+06 \\
\hline
